c:\development\repository\csc612m\mantuaj1\mantuaj1\x64\debug\vc143.pdb
c:\development\repository\csc612m\mantuaj1\mantuaj1\x64\debug\vc143.idb
c:\development\repository\csc612m\mantuaj1\mantuaj1\x64\debug\stencil_c.obj
c:\development\repository\csc612m\mantuaj1\mantuaj1\x64\debug\stencil.obj
c:\development\repository\csc612m\mantuaj1\stencil_asm.obj
c:\development\repository\csc612m\mantuaj1\stencil_avx2_xmm.obj
c:\development\repository\csc612m\mantuaj1\stencil_avx2_ymm.obj
c:\development\repository\csc612m\mantuaj1\x64\debug\mantuaj1.exe
c:\development\repository\csc612m\mantuaj1\x64\debug\mantuaj1.pdb
c:\development\repository\csc612m\mantuaj1\mantuaj1\x64\debug\mantuaj1.ilk
c:\development\repository\csc612m\mantuaj1\mantuaj1\x64\debug\mantuaj1.tlog\cl.command.1.tlog
c:\development\repository\csc612m\mantuaj1\mantuaj1\x64\debug\mantuaj1.tlog\cl.items.tlog
c:\development\repository\csc612m\mantuaj1\mantuaj1\x64\debug\mantuaj1.tlog\cl.read.1.tlog
c:\development\repository\csc612m\mantuaj1\mantuaj1\x64\debug\mantuaj1.tlog\cl.write.1.tlog
c:\development\repository\csc612m\mantuaj1\mantuaj1\x64\debug\mantuaj1.tlog\custombuild.command.1.tlog
c:\development\repository\csc612m\mantuaj1\mantuaj1\x64\debug\mantuaj1.tlog\custombuild.read.1.tlog
c:\development\repository\csc612m\mantuaj1\mantuaj1\x64\debug\mantuaj1.tlog\custombuild.write.1.tlog
c:\development\repository\csc612m\mantuaj1\mantuaj1\x64\debug\mantuaj1.tlog\link.command.1.tlog
c:\development\repository\csc612m\mantuaj1\mantuaj1\x64\debug\mantuaj1.tlog\link.read.1.tlog
c:\development\repository\csc612m\mantuaj1\mantuaj1\x64\debug\mantuaj1.tlog\link.secondary.1.tlog
c:\development\repository\csc612m\mantuaj1\mantuaj1\x64\debug\mantuaj1.tlog\link.write.1.tlog
